C:\USERS\SALTEDEXPLORER\DOCUMENTS\SOURCE\SALTEDEXPLORER-MASTER\SALTEDEXPLORER-MASTER\SALTEDEXPLORER\HELPER\RELEASE\BASEDIALOG.OBJ
C:\USERS\SALTEDEXPLORER\DOCUMENTS\SOURCE\SALTEDEXPLORER-MASTER\SALTEDEXPLORER-MASTER\SALTEDEXPLORER\HELPER\RELEASE\BOOKMARK.OBJ
C:\Users\saltedexplorer\Documents\source\saltedexplorer-master\saltedexplorer-master\SaltedExplorer\Helper\Release\cl.command.1.tlog
C:\Users\saltedexplorer\Documents\source\saltedexplorer-master\saltedexplorer-master\SaltedExplorer\Helper\Release\CL.read.1.tlog
C:\Users\saltedexplorer\Documents\source\saltedexplorer-master\saltedexplorer-master\SaltedExplorer\Helper\Release\CL.write.1.tlog
C:\USERS\SALTEDEXPLORER\DOCUMENTS\SOURCE\SALTEDEXPLORER-MASTER\SALTEDEXPLORER-MASTER\SALTEDEXPLORER\HELPER\RELEASE\CONTEXTMENUMANAGER.OBJ
C:\USERS\SALTEDEXPLORER\DOCUMENTS\SOURCE\SALTEDEXPLORER-MASTER\SALTEDEXPLORER-MASTER\SALTEDEXPLORER\HELPER\RELEASE\CONTROLS.OBJ
C:\USERS\SALTEDEXPLORER\DOCUMENTS\SOURCE\SALTEDEXPLORER-MASTER\SALTEDEXPLORER-MASTER\SALTEDEXPLORER\HELPER\RELEASE\CUSTOMMENU.OBJ
C:\USERS\SALTEDEXPLORER\DOCUMENTS\SOURCE\SALTEDEXPLORER-MASTER\SALTEDEXPLORER-MASTER\SALTEDEXPLORER\HELPER\RELEASE\DIALOGSETTINGS.OBJ
C:\USERS\SALTEDEXPLORER\DOCUMENTS\SOURCE\SALTEDEXPLORER-MASTER\SALTEDEXPLORER-MASTER\SALTEDEXPLORER\HELPER\RELEASE\DRIVEINFO.OBJ
C:\USERS\SALTEDEXPLORER\DOCUMENTS\SOURCE\SALTEDEXPLORER-MASTER\SALTEDEXPLORER-MASTER\SALTEDEXPLORER\HELPER\RELEASE\DROPHANDLER.OBJ
C:\USERS\SALTEDEXPLORER\DOCUMENTS\SOURCE\SALTEDEXPLORER-MASTER\SALTEDEXPLORER-MASTER\SALTEDEXPLORER\HELPER\RELEASE\FILEACTIONHANDLER.OBJ
C:\USERS\SALTEDEXPLORER\DOCUMENTS\SOURCE\SALTEDEXPLORER-MASTER\SALTEDEXPLORER-MASTER\SALTEDEXPLORER\HELPER\RELEASE\FILECONTEXTMENUMANAGER.OBJ
C:\USERS\SALTEDEXPLORER\DOCUMENTS\SOURCE\SALTEDEXPLORER-MASTER\SALTEDEXPLORER-MASTER\SALTEDEXPLORER\HELPER\RELEASE\FILEOPERATIONS.OBJ
C:\USERS\SALTEDEXPLORER\DOCUMENTS\SOURCE\SALTEDEXPLORER-MASTER\SALTEDEXPLORER-MASTER\SALTEDEXPLORER\HELPER\RELEASE\FOLDERSIZE.OBJ
C:\USERS\SALTEDEXPLORER\DOCUMENTS\SOURCE\SALTEDEXPLORER-MASTER\SALTEDEXPLORER-MASTER\SALTEDEXPLORER\HELPER\RELEASE\HELPER.OBJ
C:\USERS\SALTEDEXPLORER\DOCUMENTS\SOURCE\SALTEDEXPLORER-MASTER\SALTEDEXPLORER-MASTER\SALTEDEXPLORER\HELPER\RELEASE\HELPER.PCH
C:\Users\saltedexplorer\Documents\source\saltedexplorer-master\saltedexplorer-master\SaltedExplorer\Helper\Release\Helper.vcxprojResolveAssemblyReference.cache
C:\Users\saltedexplorer\Documents\source\saltedexplorer-master\saltedexplorer-master\SaltedExplorer\Helper\Release\Helper.write.1.tlog
C:\USERS\SALTEDEXPLORER\DOCUMENTS\SOURCE\SALTEDEXPLORER-MASTER\SALTEDEXPLORER-MASTER\SALTEDEXPLORER\HELPER\RELEASE\IDATAOBJECT.OBJ
C:\USERS\SALTEDEXPLORER\DOCUMENTS\SOURCE\SALTEDEXPLORER-MASTER\SALTEDEXPLORER-MASTER\SALTEDEXPLORER\HELPER\RELEASE\IDIRECTORYMONITOR.OBJ
C:\USERS\SALTEDEXPLORER\DOCUMENTS\SOURCE\SALTEDEXPLORER-MASTER\SALTEDEXPLORER-MASTER\SALTEDEXPLORER\HELPER\RELEASE\IENUMFORMATETC.OBJ
C:\Users\saltedexplorer\Documents\source\saltedexplorer-master\saltedexplorer-master\SaltedExplorer\Helper\Release\lib.command.1.tlog
C:\Users\saltedexplorer\Documents\source\saltedexplorer-master\saltedexplorer-master\SaltedExplorer\Helper\Release\Lib-link.read.1.tlog
C:\Users\saltedexplorer\Documents\source\saltedexplorer-master\saltedexplorer-master\SaltedExplorer\Helper\Release\Lib-link.write.1.tlog
C:\USERS\SALTEDEXPLORER\DOCUMENTS\SOURCE\SALTEDEXPLORER-MASTER\SALTEDEXPLORER-MASTER\SALTEDEXPLORER\HELPER\RELEASE\LISTVIEWHELPER.OBJ
C:\Users\saltedexplorer\Documents\source\saltedexplorer-master\saltedexplorer-master\SaltedExplorer\Helper\Release\msxml3.tlh
C:\USERS\SALTEDEXPLORER\DOCUMENTS\SOURCE\SALTEDEXPLORER-MASTER\SALTEDEXPLORER-MASTER\SALTEDEXPLORER\HELPER\RELEASE\REFERENCECOUNT.OBJ
C:\USERS\SALTEDEXPLORER\DOCUMENTS\SOURCE\SALTEDEXPLORER-MASTER\SALTEDEXPLORER-MASTER\SALTEDEXPLORER\HELPER\RELEASE\REGISTRYSETTINGS.OBJ
C:\USERS\SALTEDEXPLORER\DOCUMENTS\SOURCE\SALTEDEXPLORER-MASTER\SALTEDEXPLORER-MASTER\SALTEDEXPLORER\HELPER\RELEASE\RESIZABLEDIALOG.OBJ
C:\USERS\SALTEDEXPLORER\DOCUMENTS\SOURCE\SALTEDEXPLORER-MASTER\SALTEDEXPLORER-MASTER\SALTEDEXPLORER\HELPER\RELEASE\SETDEFAULTFILEMANAGER.OBJ
C:\USERS\SALTEDEXPLORER\DOCUMENTS\SOURCE\SALTEDEXPLORER-MASTER\SALTEDEXPLORER-MASTER\SALTEDEXPLORER\HELPER\RELEASE\SHELLHELPER.OBJ
C:\USERS\SALTEDEXPLORER\DOCUMENTS\SOURCE\SALTEDEXPLORER-MASTER\SALTEDEXPLORER-MASTER\SALTEDEXPLORER\HELPER\RELEASE\STATUSBAR.OBJ
C:\USERS\SALTEDEXPLORER\DOCUMENTS\SOURCE\SALTEDEXPLORER-MASTER\SALTEDEXPLORER-MASTER\SALTEDEXPLORER\HELPER\RELEASE\STDAFX.OBJ
C:\USERS\SALTEDEXPLORER\DOCUMENTS\SOURCE\SALTEDEXPLORER-MASTER\SALTEDEXPLORER-MASTER\SALTEDEXPLORER\HELPER\RELEASE\VC100.PDB
C:\USERS\SALTEDEXPLORER\DOCUMENTS\SOURCE\SALTEDEXPLORER-MASTER\SALTEDEXPLORER-MASTER\SALTEDEXPLORER\HELPER\RELEASE\XMLSETTINGS.OBJ
C:\USERS\SALTEDEXPLORER\DOCUMENTS\SOURCE\SALTEDEXPLORER-MASTER\SALTEDEXPLORER-MASTER\SALTEDEXPLORER\RELEASE\HELPER.LIB
