C:\USERS\SALTEDEXPLORER\DOCUMENTS\SOURCE\SALTEDEXPLORER-MASTER\SALTEDEXPLORER-MASTER\SALTEDEXPLORER\HELPER\X64\RELEASE\BASEDIALOG.OBJ
C:\USERS\SALTEDEXPLORER\DOCUMENTS\SOURCE\SALTEDEXPLORER-MASTER\SALTEDEXPLORER-MASTER\SALTEDEXPLORER\HELPER\X64\RELEASE\BOOKMARK.OBJ
C:\Users\saltedexplorer\Documents\source\saltedexplorer-master\saltedexplorer-master\SaltedExplorer\Helper\x64\Release\cl.command.1.tlog
C:\Users\saltedexplorer\Documents\source\saltedexplorer-master\saltedexplorer-master\SaltedExplorer\Helper\x64\Release\CL.read.1.tlog
C:\Users\saltedexplorer\Documents\source\saltedexplorer-master\saltedexplorer-master\SaltedExplorer\Helper\x64\Release\CL.write.1.tlog
C:\USERS\SALTEDEXPLORER\DOCUMENTS\SOURCE\SALTEDEXPLORER-MASTER\SALTEDEXPLORER-MASTER\SALTEDEXPLORER\HELPER\X64\RELEASE\CONTEXTMENUMANAGER.OBJ
C:\USERS\SALTEDEXPLORER\DOCUMENTS\SOURCE\SALTEDEXPLORER-MASTER\SALTEDEXPLORER-MASTER\SALTEDEXPLORER\HELPER\X64\RELEASE\CONTROLS.OBJ
C:\USERS\SALTEDEXPLORER\DOCUMENTS\SOURCE\SALTEDEXPLORER-MASTER\SALTEDEXPLORER-MASTER\SALTEDEXPLORER\HELPER\X64\RELEASE\CUSTOMMENU.OBJ
C:\USERS\SALTEDEXPLORER\DOCUMENTS\SOURCE\SALTEDEXPLORER-MASTER\SALTEDEXPLORER-MASTER\SALTEDEXPLORER\HELPER\X64\RELEASE\DIALOGSETTINGS.OBJ
C:\USERS\SALTEDEXPLORER\DOCUMENTS\SOURCE\SALTEDEXPLORER-MASTER\SALTEDEXPLORER-MASTER\SALTEDEXPLORER\HELPER\X64\RELEASE\DRIVEINFO.OBJ
C:\USERS\SALTEDEXPLORER\DOCUMENTS\SOURCE\SALTEDEXPLORER-MASTER\SALTEDEXPLORER-MASTER\SALTEDEXPLORER\HELPER\X64\RELEASE\DROPHANDLER.OBJ
C:\USERS\SALTEDEXPLORER\DOCUMENTS\SOURCE\SALTEDEXPLORER-MASTER\SALTEDEXPLORER-MASTER\SALTEDEXPLORER\HELPER\X64\RELEASE\FILEACTIONHANDLER.OBJ
C:\USERS\SALTEDEXPLORER\DOCUMENTS\SOURCE\SALTEDEXPLORER-MASTER\SALTEDEXPLORER-MASTER\SALTEDEXPLORER\HELPER\X64\RELEASE\FILECONTEXTMENUMANAGER.OBJ
C:\USERS\SALTEDEXPLORER\DOCUMENTS\SOURCE\SALTEDEXPLORER-MASTER\SALTEDEXPLORER-MASTER\SALTEDEXPLORER\HELPER\X64\RELEASE\FILEOPERATIONS.OBJ
C:\USERS\SALTEDEXPLORER\DOCUMENTS\SOURCE\SALTEDEXPLORER-MASTER\SALTEDEXPLORER-MASTER\SALTEDEXPLORER\HELPER\X64\RELEASE\FOLDERSIZE.OBJ
C:\USERS\SALTEDEXPLORER\DOCUMENTS\SOURCE\SALTEDEXPLORER-MASTER\SALTEDEXPLORER-MASTER\SALTEDEXPLORER\HELPER\X64\RELEASE\HELPER.OBJ
C:\USERS\SALTEDEXPLORER\DOCUMENTS\SOURCE\SALTEDEXPLORER-MASTER\SALTEDEXPLORER-MASTER\SALTEDEXPLORER\HELPER\X64\RELEASE\HELPER.PCH
C:\Users\saltedexplorer\Documents\source\saltedexplorer-master\saltedexplorer-master\SaltedExplorer\Helper\x64\Release\Helper.vcxprojResolveAssemblyReference.cache
C:\Users\saltedexplorer\Documents\source\saltedexplorer-master\saltedexplorer-master\SaltedExplorer\Helper\x64\Release\Helper.write.1.tlog
C:\USERS\SALTEDEXPLORER\DOCUMENTS\SOURCE\SALTEDEXPLORER-MASTER\SALTEDEXPLORER-MASTER\SALTEDEXPLORER\HELPER\X64\RELEASE\IDATAOBJECT.OBJ
C:\USERS\SALTEDEXPLORER\DOCUMENTS\SOURCE\SALTEDEXPLORER-MASTER\SALTEDEXPLORER-MASTER\SALTEDEXPLORER\HELPER\X64\RELEASE\IDIRECTORYMONITOR.OBJ
C:\USERS\SALTEDEXPLORER\DOCUMENTS\SOURCE\SALTEDEXPLORER-MASTER\SALTEDEXPLORER-MASTER\SALTEDEXPLORER\HELPER\X64\RELEASE\IENUMFORMATETC.OBJ
C:\Users\saltedexplorer\Documents\source\saltedexplorer-master\saltedexplorer-master\SaltedExplorer\Helper\x64\Release\lib.command.1.tlog
C:\Users\saltedexplorer\Documents\source\saltedexplorer-master\saltedexplorer-master\SaltedExplorer\Helper\x64\Release\Lib-link.read.1.tlog
C:\Users\saltedexplorer\Documents\source\saltedexplorer-master\saltedexplorer-master\SaltedExplorer\Helper\x64\Release\Lib-link.write.1.tlog
C:\USERS\SALTEDEXPLORER\DOCUMENTS\SOURCE\SALTEDEXPLORER-MASTER\SALTEDEXPLORER-MASTER\SALTEDEXPLORER\HELPER\X64\RELEASE\LISTVIEWHELPER.OBJ
C:\Users\saltedexplorer\Documents\source\saltedexplorer-master\saltedexplorer-master\SaltedExplorer\Helper\x64\Release\msxml3.tlh
C:\USERS\SALTEDEXPLORER\DOCUMENTS\SOURCE\SALTEDEXPLORER-MASTER\SALTEDEXPLORER-MASTER\SALTEDEXPLORER\HELPER\X64\RELEASE\REFERENCECOUNT.OBJ
C:\USERS\SALTEDEXPLORER\DOCUMENTS\SOURCE\SALTEDEXPLORER-MASTER\SALTEDEXPLORER-MASTER\SALTEDEXPLORER\HELPER\X64\RELEASE\REGISTRYSETTINGS.OBJ
C:\USERS\SALTEDEXPLORER\DOCUMENTS\SOURCE\SALTEDEXPLORER-MASTER\SALTEDEXPLORER-MASTER\SALTEDEXPLORER\HELPER\X64\RELEASE\RESIZABLEDIALOG.OBJ
C:\USERS\SALTEDEXPLORER\DOCUMENTS\SOURCE\SALTEDEXPLORER-MASTER\SALTEDEXPLORER-MASTER\SALTEDEXPLORER\HELPER\X64\RELEASE\SETDEFAULTFILEMANAGER.OBJ
C:\USERS\SALTEDEXPLORER\DOCUMENTS\SOURCE\SALTEDEXPLORER-MASTER\SALTEDEXPLORER-MASTER\SALTEDEXPLORER\HELPER\X64\RELEASE\SHELLHELPER.OBJ
C:\USERS\SALTEDEXPLORER\DOCUMENTS\SOURCE\SALTEDEXPLORER-MASTER\SALTEDEXPLORER-MASTER\SALTEDEXPLORER\HELPER\X64\RELEASE\STATUSBAR.OBJ
C:\USERS\SALTEDEXPLORER\DOCUMENTS\SOURCE\SALTEDEXPLORER-MASTER\SALTEDEXPLORER-MASTER\SALTEDEXPLORER\HELPER\X64\RELEASE\STDAFX.OBJ
C:\USERS\SALTEDEXPLORER\DOCUMENTS\SOURCE\SALTEDEXPLORER-MASTER\SALTEDEXPLORER-MASTER\SALTEDEXPLORER\HELPER\X64\RELEASE\VC100.PDB
C:\USERS\SALTEDEXPLORER\DOCUMENTS\SOURCE\SALTEDEXPLORER-MASTER\SALTEDEXPLORER-MASTER\SALTEDEXPLORER\HELPER\X64\RELEASE\XMLSETTINGS.OBJ
C:\USERS\SALTEDEXPLORER\DOCUMENTS\SOURCE\SALTEDEXPLORER-MASTER\SALTEDEXPLORER-MASTER\SALTEDEXPLORER\X64\RELEASE\HELPER.LIB
