C:\USERS\SALTEDEXPLORER\DOCUMENTS\SOURCE\SALTEDEXPLORER-MASTER\SALTEDEXPLORER-MASTER\SALTEDEXPLORER\SHELLBROWSER\X64\RELEASE\BROWSINGHANDLER.OBJ
C:\Users\saltedexplorer\Documents\source\saltedexplorer-master\saltedexplorer-master\SaltedExplorer\ShellBrowser\x64\Release\cl.command.1.tlog
C:\Users\saltedexplorer\Documents\source\saltedexplorer-master\saltedexplorer-master\SaltedExplorer\ShellBrowser\x64\Release\CL.read.1.tlog
C:\Users\saltedexplorer\Documents\source\saltedexplorer-master\saltedexplorer-master\SaltedExplorer\ShellBrowser\x64\Release\CL.write.1.tlog
C:\USERS\SALTEDEXPLORER\DOCUMENTS\SOURCE\SALTEDEXPLORER-MASTER\SALTEDEXPLORER-MASTER\SALTEDEXPLORER\SHELLBROWSER\X64\RELEASE\COLUMNMANAGER.OBJ
C:\USERS\SALTEDEXPLORER\DOCUMENTS\SOURCE\SALTEDEXPLORER-MASTER\SALTEDEXPLORER-MASTER\SALTEDEXPLORER\SHELLBROWSER\X64\RELEASE\DIRECTORYMODIFICATIONHANDLER.OBJ
C:\USERS\SALTEDEXPLORER\DOCUMENTS\SOURCE\SALTEDEXPLORER-MASTER\SALTEDEXPLORER-MASTER\SALTEDEXPLORER\SHELLBROWSER\X64\RELEASE\GROUPMANAGER.OBJ
C:\USERS\SALTEDEXPLORER\DOCUMENTS\SOURCE\SALTEDEXPLORER-MASTER\SALTEDEXPLORER-MASTER\SALTEDEXPLORER\SHELLBROWSER\X64\RELEASE\HANDLETHUMBNAILS.OBJ
C:\USERS\SALTEDEXPLORER\DOCUMENTS\SOURCE\SALTEDEXPLORER-MASTER\SALTEDEXPLORER-MASTER\SALTEDEXPLORER\SHELLBROWSER\X64\RELEASE\IDROPTARGET.OBJ
C:\USERS\SALTEDEXPLORER\DOCUMENTS\SOURCE\SALTEDEXPLORER-MASTER\SALTEDEXPLORER-MASTER\SALTEDEXPLORER\SHELLBROWSER\X64\RELEASE\IFOLDERVIEW.OBJ
C:\USERS\SALTEDEXPLORER\DOCUMENTS\SOURCE\SALTEDEXPLORER-MASTER\SALTEDEXPLORER-MASTER\SALTEDEXPLORER\SHELLBROWSER\X64\RELEASE\IPATHMANAGER.OBJ
C:\USERS\SALTEDEXPLORER\DOCUMENTS\SOURCE\SALTEDEXPLORER-MASTER\SALTEDEXPLORER-MASTER\SALTEDEXPLORER\SHELLBROWSER\X64\RELEASE\ISHELLBROWSER.OBJ
C:\Users\saltedexplorer\Documents\source\saltedexplorer-master\saltedexplorer-master\SaltedExplorer\ShellBrowser\x64\Release\lib.command.1.tlog
C:\Users\saltedexplorer\Documents\source\saltedexplorer-master\saltedexplorer-master\SaltedExplorer\ShellBrowser\x64\Release\Lib-link.read.1.tlog
C:\Users\saltedexplorer\Documents\source\saltedexplorer-master\saltedexplorer-master\SaltedExplorer\ShellBrowser\x64\Release\Lib-link.write.1.tlog
C:\USERS\SALTEDEXPLORER\DOCUMENTS\SOURCE\SALTEDEXPLORER-MASTER\SALTEDEXPLORER-MASTER\SALTEDEXPLORER\SHELLBROWSER\X64\RELEASE\SHELLBROWSER.PCH
C:\Users\saltedexplorer\Documents\source\saltedexplorer-master\saltedexplorer-master\SaltedExplorer\ShellBrowser\x64\Release\ShellBrowser.write.1.tlog
C:\USERS\SALTEDEXPLORER\DOCUMENTS\SOURCE\SALTEDEXPLORER-MASTER\SALTEDEXPLORER-MASTER\SALTEDEXPLORER\SHELLBROWSER\X64\RELEASE\SORTMANAGER.OBJ
C:\USERS\SALTEDEXPLORER\DOCUMENTS\SOURCE\SALTEDEXPLORER-MASTER\SALTEDEXPLORER-MASTER\SALTEDEXPLORER\SHELLBROWSER\X64\RELEASE\STDAFX.OBJ
C:\USERS\SALTEDEXPLORER\DOCUMENTS\SOURCE\SALTEDEXPLORER-MASTER\SALTEDEXPLORER-MASTER\SALTEDEXPLORER\SHELLBROWSER\X64\RELEASE\VC100.PDB
C:\USERS\SALTEDEXPLORER\DOCUMENTS\SOURCE\SALTEDEXPLORER-MASTER\SALTEDEXPLORER-MASTER\SALTEDEXPLORER\X64\RELEASE\SHELLBROWSER.LIB
