C:\USERS\SALTEDEXPLORER\DOCUMENTS\SOURCE\SALTEDEXPLORER-MASTER\SALTEDEXPLORER-MASTER\SALTEDEXPLORER\RELEASE\SHELLBROWSER.LIB
C:\USERS\SALTEDEXPLORER\DOCUMENTS\SOURCE\SALTEDEXPLORER-MASTER\SALTEDEXPLORER-MASTER\SALTEDEXPLORER\SHELLBROWSER\RELEASE\BROWSINGHANDLER.OBJ
C:\Users\saltedexplorer\Documents\source\saltedexplorer-master\saltedexplorer-master\SaltedExplorer\ShellBrowser\Release\cl.command.1.tlog
C:\Users\saltedexplorer\Documents\source\saltedexplorer-master\saltedexplorer-master\SaltedExplorer\ShellBrowser\Release\CL.read.1.tlog
C:\Users\saltedexplorer\Documents\source\saltedexplorer-master\saltedexplorer-master\SaltedExplorer\ShellBrowser\Release\CL.write.1.tlog
C:\USERS\SALTEDEXPLORER\DOCUMENTS\SOURCE\SALTEDEXPLORER-MASTER\SALTEDEXPLORER-MASTER\SALTEDEXPLORER\SHELLBROWSER\RELEASE\COLUMNMANAGER.OBJ
C:\USERS\SALTEDEXPLORER\DOCUMENTS\SOURCE\SALTEDEXPLORER-MASTER\SALTEDEXPLORER-MASTER\SALTEDEXPLORER\SHELLBROWSER\RELEASE\DIRECTORYMODIFICATIONHANDLER.OBJ
C:\USERS\SALTEDEXPLORER\DOCUMENTS\SOURCE\SALTEDEXPLORER-MASTER\SALTEDEXPLORER-MASTER\SALTEDEXPLORER\SHELLBROWSER\RELEASE\GROUPMANAGER.OBJ
C:\USERS\SALTEDEXPLORER\DOCUMENTS\SOURCE\SALTEDEXPLORER-MASTER\SALTEDEXPLORER-MASTER\SALTEDEXPLORER\SHELLBROWSER\RELEASE\HANDLETHUMBNAILS.OBJ
C:\USERS\SALTEDEXPLORER\DOCUMENTS\SOURCE\SALTEDEXPLORER-MASTER\SALTEDEXPLORER-MASTER\SALTEDEXPLORER\SHELLBROWSER\RELEASE\IDROPTARGET.OBJ
C:\USERS\SALTEDEXPLORER\DOCUMENTS\SOURCE\SALTEDEXPLORER-MASTER\SALTEDEXPLORER-MASTER\SALTEDEXPLORER\SHELLBROWSER\RELEASE\IFOLDERVIEW.OBJ
C:\USERS\SALTEDEXPLORER\DOCUMENTS\SOURCE\SALTEDEXPLORER-MASTER\SALTEDEXPLORER-MASTER\SALTEDEXPLORER\SHELLBROWSER\RELEASE\IPATHMANAGER.OBJ
C:\USERS\SALTEDEXPLORER\DOCUMENTS\SOURCE\SALTEDEXPLORER-MASTER\SALTEDEXPLORER-MASTER\SALTEDEXPLORER\SHELLBROWSER\RELEASE\ISHELLBROWSER.OBJ
C:\Users\saltedexplorer\Documents\source\saltedexplorer-master\saltedexplorer-master\SaltedExplorer\ShellBrowser\Release\lib.command.1.tlog
C:\Users\saltedexplorer\Documents\source\saltedexplorer-master\saltedexplorer-master\SaltedExplorer\ShellBrowser\Release\Lib-link.read.1.tlog
C:\Users\saltedexplorer\Documents\source\saltedexplorer-master\saltedexplorer-master\SaltedExplorer\ShellBrowser\Release\Lib-link.write.1.tlog
C:\USERS\SALTEDEXPLORER\DOCUMENTS\SOURCE\SALTEDEXPLORER-MASTER\SALTEDEXPLORER-MASTER\SALTEDEXPLORER\SHELLBROWSER\RELEASE\SHELLBROWSER.PCH
C:\Users\saltedexplorer\Documents\source\saltedexplorer-master\saltedexplorer-master\SaltedExplorer\ShellBrowser\Release\ShellBrowser.write.1.tlog
C:\USERS\SALTEDEXPLORER\DOCUMENTS\SOURCE\SALTEDEXPLORER-MASTER\SALTEDEXPLORER-MASTER\SALTEDEXPLORER\SHELLBROWSER\RELEASE\SORTMANAGER.OBJ
C:\USERS\SALTEDEXPLORER\DOCUMENTS\SOURCE\SALTEDEXPLORER-MASTER\SALTEDEXPLORER-MASTER\SALTEDEXPLORER\SHELLBROWSER\RELEASE\STDAFX.OBJ
C:\USERS\SALTEDEXPLORER\DOCUMENTS\SOURCE\SALTEDEXPLORER-MASTER\SALTEDEXPLORER-MASTER\SALTEDEXPLORER\SHELLBROWSER\RELEASE\VC100.PDB
